# configure exec: ./configure --prefix=/Users/ingvar/Documents/Code/side-projects/epsor/node-consumer/node_modules/node-rdkafka/build/deps --libdir=/Users/ingvar/Documents/Code/side-projects/epsor/node-consumer/node_modules/node-rdkafka/build/deps --prefix=/Users/ingvar/Documents/Code/side-projects/epsor/node-consumer/node_modules/node-rdkafka/build/deps --libdir=/Users/ingvar/Documents/Code/side-projects/epsor/node-consumer/node_modules/node-rdkafka/build/deps
# On Fri Sep  4 14:33:27 CEST 2020
DBG 95141: Setting distro (distro) status to ok (action ignore)
DBG 95141: ccenv: WITH_CC:  --version failed: mklove/modules/configure.base: line 1747: --version: command not found
DBG 95141: Setting ccenv (ccenv) status to failed (action cont)
DBG 95141: Check ccenv (WITH_CC, action cont (originally cont)) failed: command ' --version' failed:
mklove/modules/configure.base: line 1747: --version: command not found
DBG 95141: Setting gcc (gcc) status to ok (action cont)
DBG 95141: cxxenv: WITH_CXX:  --version failed: mklove/modules/configure.base: line 1747: --version: command not found
DBG 95141: Setting cxxenv (cxxenv) status to failed (action cont)
DBG 95141: Check cxxenv (WITH_CXX, action cont (originally cont)) failed: command ' --version' failed:
mklove/modules/configure.base: line 1747: --version: command not found
DBG 95141: Setting gxx (gxx) status to ok (action cont)
DBG 95141: Setting ld (ld) status to ok (action disable)
DBG 95141: Setting nm (nm) status to ok (action disable)
DBG 95141: Setting objdump (objdump) status to ok (action disable)
DBG 95141: Setting strip (strip) status to ok (action disable)
DBG 95141: Setting libtool (libtool) status to ok (action disable)
DBG 95141: Compile check cc_g_dwarf () (sub=0): gcc  -I/usr/local/opt/openssl/include -Wall -Werror _mkltmpkkKC5R.c -o _mkltmpkkKC5R.c.o  -L/usr/local/opt/openssl/lib -L/Users/ingvar/Documents/Code/side-projects/epsor/node-consumer/node_modules/node-rdkafka/build/deps -gstrict-dwarf
DBG 95141: Setting cc_g_dwarf (cc_g_dwarf) status to ok (action cont)
DBG 95141: pkgconfig: WITH_PKGCONFIG: pkg-config --version failed: mklove/modules/configure.base: line 1747: pkg-config: command not found
DBG 95141: Setting pkgconfig (pkgconfig) status to failed (action cont)
DBG 95141: Check pkgconfig (WITH_PKGCONFIG, action cont (originally cont)) failed: command 'pkg-config --version' failed:
mklove/modules/configure.base: line 1747: pkg-config: command not found
DBG 95141: install: WITH_INSTALL: install --version failed: install: illegal option -- -
usage: install [-bCcpSsv] [-B suffix] [-f flags] [-g group] [-m mode]
               [-o owner] file1 file2
       install [-bCcpSsv] [-B suffix] [-f flags] [-g group] [-m mode]
               [-o owner] file1 ... fileN directory
       install -d [-v] [-g group] [-m mode] [-o owner] directory ...
DBG 95141: Setting install (install) status to failed (action cont)
DBG 95141: Check install (WITH_INSTALL, action cont (originally cont)) failed: command 'install --version' failed:
install: illegal option -- -
usage: install [-bCcpSsv] [-B suffix] [-f flags] [-g group] [-m mode]
               [-o owner] file1 file2
       install [-bCcpSsv] [-B suffix] [-f flags] [-g group] [-m mode]
               [-o owner] file1 ... fileN directory
       install -d [-v] [-g group] [-m mode] [-o owner] directory ...
DBG 95141: Compile check PIC (HAVE_PIC) (sub=0): gcc  -I/usr/local/opt/openssl/include -gstrict-dwarf -O2 -Wall -Werror _mkltmp2biFc4.c -o _mkltmp2biFc4.c.o  -L/usr/local/opt/openssl/lib -L/Users/ingvar/Documents/Code/side-projects/epsor/node-consumer/node_modules/node-rdkafka/build/deps -fPIC
DBG 95141: Setting PIC (PIC) status to ok (action disable)
DBG 95141: Compile check gnulib (WITH_GNULD) (sub=0): gcc  -I/usr/local/opt/openssl/include -gstrict-dwarf -O2 -fPIC -Wall -Werror _mkltmphFBZNT.c -o _mkltmphFBZNT.c.o  -L/usr/local/opt/openssl/lib -L/Users/ingvar/Documents/Code/side-projects/epsor/node-consumer/node_modules/node-rdkafka/build/deps -shared -Wl,-soname,mkltest.0
DBG 95141: compile check for gnulib (WITH_GNULD) failed: gcc  -I/usr/local/opt/openssl/include -gstrict-dwarf -O2 -fPIC -Wall -Werror _mkltmphFBZNT.c -o _mkltmphFBZNT.c.o  -L/usr/local/opt/openssl/lib -L/Users/ingvar/Documents/Code/side-projects/epsor/node-consumer/node_modules/node-rdkafka/build/deps -shared -Wl,-soname,mkltest.0: ld: unknown option: -soname
clang: error: linker command failed with exit code 1 (use -v to see invocation)
DBG 95141: Setting gnulib (gnulib) status to failed (action cont)
DBG 95141: Check gnulib (WITH_GNULD, action cont (originally cont)) failed: compile check failed:
CC: CC
flags: -shared -Wl,-soname,mkltest.0
gcc  -I/usr/local/opt/openssl/include -gstrict-dwarf -O2 -fPIC -Wall -Werror _mkltmphFBZNT.c -o _mkltmphFBZNT.c.o  -L/usr/local/opt/openssl/lib -L/Users/ingvar/Documents/Code/side-projects/epsor/node-consumer/node_modules/node-rdkafka/build/deps -shared -Wl,-soname,mkltest.0:
ld: unknown option: -soname
clang: error: linker command failed with exit code 1 (use -v to see invocation)
source: 
DBG 95141: Compile check osxlib (WITH_OSXLD) (sub=0): gcc  -I/usr/local/opt/openssl/include -gstrict-dwarf -O2 -fPIC -Wall -Werror _mkltmpeNBFSq.c -o _mkltmpeNBFSq.c.o  -L/usr/local/opt/openssl/lib -L/Users/ingvar/Documents/Code/side-projects/epsor/node-consumer/node_modules/node-rdkafka/build/deps -dynamiclib -Wl,-install_name,/tmp/mkltest.so.0
DBG 95141: Setting osxlib (osxlib) status to ok (action cont)
DBG 95141: Compile check ldsflagvs () (sub=0): gcc  -I/usr/local/opt/openssl/include -gstrict-dwarf -O2 -fPIC -Wall -Werror _mkltmp8dcu8n.c -o _mkltmp8dcu8n.c.o  -L/usr/local/opt/openssl/lib -L/Users/ingvar/Documents/Code/side-projects/epsor/node-consumer/node_modules/node-rdkafka/build/deps -shared -Wl,--version-script=_mkltmpTDH7n8
DBG 95141: compile check for ldsflagvs () failed: gcc  -I/usr/local/opt/openssl/include -gstrict-dwarf -O2 -fPIC -Wall -Werror _mkltmp8dcu8n.c -o _mkltmp8dcu8n.c.o  -L/usr/local/opt/openssl/lib -L/Users/ingvar/Documents/Code/side-projects/epsor/node-consumer/node_modules/node-rdkafka/build/deps -shared -Wl,--version-script=_mkltmpTDH7n8: ld: unknown option: --version-script=_mkltmpTDH7n8
clang: error: linker command failed with exit code 1 (use -v to see invocation)
DBG 95141: Setting ldsflagvs (ldsflagvs) status to failed (action cont)
DBG 95141: Check ldsflagvs (, action cont (originally cont)) failed: compile check failed:
CC: CC
flags: -shared -Wl,--version-script=_mkltmpTDH7n8
gcc  -I/usr/local/opt/openssl/include -gstrict-dwarf -O2 -fPIC -Wall -Werror _mkltmp8dcu8n.c -o _mkltmp8dcu8n.c.o  -L/usr/local/opt/openssl/lib -L/Users/ingvar/Documents/Code/side-projects/epsor/node-consumer/node_modules/node-rdkafka/build/deps -shared -Wl,--version-script=_mkltmpTDH7n8:
ld: unknown option: --version-script=_mkltmpTDH7n8
clang: error: linker command failed with exit code 1 (use -v to see invocation)
source: 
DBG 95141: Compile check ldsflagm () (sub=0): gcc  -I/usr/local/opt/openssl/include -gstrict-dwarf -O2 -fPIC -Wall -Werror _mkltmpU0skyl.c -o _mkltmpU0skyl.c.o  -L/usr/local/opt/openssl/lib -L/Users/ingvar/Documents/Code/side-projects/epsor/node-consumer/node_modules/node-rdkafka/build/deps -shared -Wl,-M_mkltmpTDH7n8
DBG 95141: compile check for ldsflagm () failed: gcc  -I/usr/local/opt/openssl/include -gstrict-dwarf -O2 -fPIC -Wall -Werror _mkltmpU0skyl.c -o _mkltmpU0skyl.c.o  -L/usr/local/opt/openssl/lib -L/Users/ingvar/Documents/Code/side-projects/epsor/node-consumer/node_modules/node-rdkafka/build/deps -shared -Wl,-M_mkltmpTDH7n8: ld: unknown option: -M_mkltmpTDH7n8
clang: error: linker command failed with exit code 1 (use -v to see invocation)
DBG 95141: Setting ldsflagm (ldsflagm) status to failed (action ignore)
DBG 95141: Check ldsflagm (, action ignore (originally ignore)) failed: compile check failed:
CC: CC
flags: -shared -Wl,-M_mkltmpTDH7n8
gcc  -I/usr/local/opt/openssl/include -gstrict-dwarf -O2 -fPIC -Wall -Werror _mkltmpU0skyl.c -o _mkltmpU0skyl.c.o  -L/usr/local/opt/openssl/lib -L/Users/ingvar/Documents/Code/side-projects/epsor/node-consumer/node_modules/node-rdkafka/build/deps -shared -Wl,-M_mkltmpTDH7n8:
ld: unknown option: -M_mkltmpTDH7n8
clang: error: linker command failed with exit code 1 (use -v to see invocation)
source: 
DBG 95141: Compile check __atomic_32 (HAVE_ATOMICS_32) (sub=0): gcc  -I/usr/local/opt/openssl/include -gstrict-dwarf -O2 -fPIC -Wall -Werror _mkltmp9n1n3O.c -o _mkltmp9n1n3O.c.o  -L/usr/local/opt/openssl/lib -L/Users/ingvar/Documents/Code/side-projects/epsor/node-consumer/node_modules/node-rdkafka/build/deps 
DBG 95141: Setting __atomic_32 (__atomic_32) status to ok (action cont)
DBG 95141: Compile check __atomic_64 (HAVE_ATOMICS_64) (sub=0): gcc  -I/usr/local/opt/openssl/include -gstrict-dwarf -O2 -fPIC -Wall -Werror _mkltmpBMPqcT.c -o _mkltmpBMPqcT.c.o  -L/usr/local/opt/openssl/lib -L/Users/ingvar/Documents/Code/side-projects/epsor/node-consumer/node_modules/node-rdkafka/build/deps 
DBG 95141: Setting __atomic_64 (__atomic_64) status to ok (action cont)
DBG 95141: Compile check socket () (sub=0): gcc  -I/usr/local/opt/openssl/include -gstrict-dwarf -O2 -fPIC -Wall -Wsign-compare -Wfloat-equal -Wpointer-arith -Wcast-align -Wall -Werror _mkltmpBVpqRI.c -o _mkltmpBVpqRI.c.o  -L/usr/local/opt/openssl/lib -L/Users/ingvar/Documents/Code/side-projects/epsor/node-consumer/node_modules/node-rdkafka/build/deps 
DBG 95141: Setting socket (socket) status to ok (action cont)
DBG 95141: Setting parseversion (parseversion) status to ok (action cont)
DBG 95141: librt: Check for static library (libs -lrt, arfile variable STATIC_LIB_librt=, static filenames )
DBG 95141: Compile check librt () (sub=0): gcc  -I/usr/local/opt/openssl/include -gstrict-dwarf -O2 -fPIC -Wall -Wsign-compare -Wfloat-equal -Wpointer-arith -Wcast-align -Wall -Werror _mkltmpbjvaDR.c -o _mkltmpbjvaDR.c.o  -L/usr/local/opt/openssl/lib -L/Users/ingvar/Documents/Code/side-projects/epsor/node-consumer/node_modules/node-rdkafka/build/deps -lrt
DBG 95141: compile check for librt () failed: gcc  -I/usr/local/opt/openssl/include -gstrict-dwarf -O2 -fPIC -Wall -Wsign-compare -Wfloat-equal -Wpointer-arith -Wcast-align -Wall -Werror _mkltmpbjvaDR.c -o _mkltmpbjvaDR.c.o  -L/usr/local/opt/openssl/lib -L/Users/ingvar/Documents/Code/side-projects/epsor/node-consumer/node_modules/node-rdkafka/build/deps -lrt: ld: library not found for -lrt
clang: error: linker command failed with exit code 1 (use -v to see invocation)
DBG 95141: Setting librt (librt) status to failed (action cont)
DBG 95141: Check librt (, action cont (originally cont)) failed: compile check failed:
CC: CC
flags: -lrt
gcc  -I/usr/local/opt/openssl/include -gstrict-dwarf -O2 -fPIC -Wall -Wsign-compare -Wfloat-equal -Wpointer-arith -Wcast-align -Wall -Werror _mkltmpbjvaDR.c -o _mkltmpbjvaDR.c.o  -L/usr/local/opt/openssl/lib -L/Users/ingvar/Documents/Code/side-projects/epsor/node-consumer/node_modules/node-rdkafka/build/deps -lrt:
ld: library not found for -lrt
clang: error: linker command failed with exit code 1 (use -v to see invocation)
source: 
DBG 95141: libpthread: Check for static library (libs -lpthread, arfile variable STATIC_LIB_libpthread=, static filenames )
DBG 95141: Compile check libpthread () (sub=0): gcc  -I/usr/local/opt/openssl/include -gstrict-dwarf -O2 -fPIC -Wall -Wsign-compare -Wfloat-equal -Wpointer-arith -Wcast-align -Wall -Werror _mkltmpqdhYsG.c -o _mkltmpqdhYsG.c.o  -L/usr/local/opt/openssl/lib -L/Users/ingvar/Documents/Code/side-projects/epsor/node-consumer/node_modules/node-rdkafka/build/deps -lpthread
DBG 95141: Setting libpthread (libpthread) status to ok (action fail)
DBG 95141: libpthread: from lib_check: LIBS: prepend -lpthread
DBG 95141: c11threads: Check for static library (libs -lpthread, arfile variable STATIC_LIB_c11threads=, static filenames )
DBG 95141: Compile check c11threads (WITH_C11THREADS) (sub=0): gcc  -I/usr/local/opt/openssl/include -gstrict-dwarf -O2 -fPIC -Wall -Wsign-compare -Wfloat-equal -Wpointer-arith -Wcast-align -Wall -Werror _mkltmpAeWLAo.c -o _mkltmpAeWLAo.c.o  -L/usr/local/opt/openssl/lib -L/Users/ingvar/Documents/Code/side-projects/epsor/node-consumer/node_modules/node-rdkafka/build/deps -lpthread
DBG 95141: compile check for c11threads (WITH_C11THREADS) failed: gcc  -I/usr/local/opt/openssl/include -gstrict-dwarf -O2 -fPIC -Wall -Wsign-compare -Wfloat-equal -Wpointer-arith -Wcast-align -Wall -Werror _mkltmpAeWLAo.c -o _mkltmpAeWLAo.c.o  -L/usr/local/opt/openssl/lib -L/Users/ingvar/Documents/Code/side-projects/epsor/node-consumer/node_modules/node-rdkafka/build/deps -lpthread: _mkltmpAeWLAo.c:2:10: fatal error: 'threads.h' file not found
#include <threads.h>
         ^~~~~~~~~~~
1 error generated.
DBG 95141: Setting c11threads (c11threads) status to failed (action disable)
DBG 95141: Check c11threads (WITH_C11THREADS, action disable (originally disable)) failed: compile check failed:
CC: CC
flags: -lpthread
gcc  -I/usr/local/opt/openssl/include -gstrict-dwarf -O2 -fPIC -Wall -Wsign-compare -Wfloat-equal -Wpointer-arith -Wcast-align -Wall -Werror _mkltmpAeWLAo.c -o _mkltmpAeWLAo.c.o  -L/usr/local/opt/openssl/lib -L/Users/ingvar/Documents/Code/side-projects/epsor/node-consumer/node_modules/node-rdkafka/build/deps -lpthread:
_mkltmpAeWLAo.c:2:10: fatal error: 'threads.h' file not found
#include <threads.h>
         ^~~~~~~~~~~
1 error generated.
source: 
#include <threads.h>


static int start_func (void *arg) {
   int iarg = *(int *)arg;
   return iarg;
}

void foo (void) {
    thrd_t thr;
    int arg = 1;
    if (thrd_create(&thr, start_func, (void *)&arg) != thrd_success) {
      ;
    }
}

DBG 95141: libdl: Check for static library (libs -ldl, arfile variable STATIC_LIB_libdl=, static filenames )
DBG 95141: Compile check libdl (WITH_LIBDL) (sub=0): gcc  -I/usr/local/opt/openssl/include -gstrict-dwarf -O2 -fPIC -Wall -Wsign-compare -Wfloat-equal -Wpointer-arith -Wcast-align -Wall -Werror _mkltmpLoX5Uq.c -o _mkltmpLoX5Uq.c.o  -L/usr/local/opt/openssl/lib -L/Users/ingvar/Documents/Code/side-projects/epsor/node-consumer/node_modules/node-rdkafka/build/deps -ldl
DBG 95141: Setting libdl (libdl) status to ok (action disable)
DBG 95141: libdl: from lib_check: LIBS: prepend -ldl
DBG 95141: zlib: Check for static library (libs -lz, arfile variable STATIC_LIB_zlib=, static filenames libz.a)
DBG 95141: Compile check zlib (WITH_ZLIB) (sub=0): gcc  -I/usr/local/opt/openssl/include -gstrict-dwarf -O2 -fPIC -Wall -Wsign-compare -Wfloat-equal -Wpointer-arith -Wcast-align -Wall -Werror _mkltmpldyzWe.c -o _mkltmpldyzWe.c.o  -L/usr/local/opt/openssl/lib -L/Users/ingvar/Documents/Code/side-projects/epsor/node-consumer/node_modules/node-rdkafka/build/deps -lz
DBG 95141: Setting zlib (zlib) status to ok (action disable)
DBG 95141: zlib: from lib_check: LIBS: prepend -lz
DBG 95141: libcrypto: Check for static library (libs -lcrypto, arfile variable STATIC_LIB_libcrypto=, static filenames libcrypto.a)
DBG 95141: Compile check libcrypto () (sub=0): gcc  -I/usr/local/opt/openssl/include -gstrict-dwarf -O2 -fPIC -Wall -Wsign-compare -Wfloat-equal -Wpointer-arith -Wcast-align -Wall -Werror _mkltmpEuhgZ7.c -o _mkltmpEuhgZ7.c.o  -L/usr/local/opt/openssl/lib -L/Users/ingvar/Documents/Code/side-projects/epsor/node-consumer/node_modules/node-rdkafka/build/deps -lcrypto
DBG 95141: Setting libcrypto (libcrypto) status to ok (action disable)
DBG 95141: libcrypto: from lib_check: LIBS: prepend -lcrypto
DBG 95141: libssl: Check for static library (libs -lssl -lcrypto, arfile variable STATIC_LIB_libssl=, static filenames libssl.a)
DBG 95141: Compile check libssl (WITH_SSL) (sub=0): gcc  -I/usr/local/opt/openssl/include -gstrict-dwarf -O2 -fPIC -Wall -Wsign-compare -Wfloat-equal -Wpointer-arith -Wcast-align -Wall -Werror _mkltmpdLVTjd.c -o _mkltmpdLVTjd.c.o  -L/usr/local/opt/openssl/lib -L/Users/ingvar/Documents/Code/side-projects/epsor/node-consumer/node_modules/node-rdkafka/build/deps -lssl -lcrypto
DBG 95141: Setting libssl (libssl) status to ok (action disable)
DBG 95141: libssl: from lib_check: LIBS: prepend -lssl -lcrypto
DBG 95141: libsasl2: Check for static library (libs -lsasl2, arfile variable STATIC_LIB_libsasl2=, static filenames )
DBG 95141: Compile check libsasl2 (WITH_SASL_CYRUS) (sub=0): gcc  -I/usr/local/opt/openssl/include -gstrict-dwarf -O2 -fPIC -Wall -Wsign-compare -Wfloat-equal -Wpointer-arith -Wcast-align -Wall -Werror _mkltmp9dtBz3.c -o _mkltmp9dtBz3.c.o  -L/usr/local/opt/openssl/lib -L/Users/ingvar/Documents/Code/side-projects/epsor/node-consumer/node_modules/node-rdkafka/build/deps -lsasl2
DBG 95141: Setting libsasl2 (libsasl2) status to ok (action disable)
DBG 95141: libsasl2: from lib_check: LIBS: prepend -lsasl2
DBG 95141: libzstd: Check for static library (libs -lzstd, arfile variable STATIC_LIB_libzstd=, static filenames libzstd.a)
DBG 95141: Compile check libzstd (WITH_ZSTD) (sub=0): gcc  -I/usr/local/opt/openssl/include -gstrict-dwarf -O2 -fPIC -Wall -Wsign-compare -Wfloat-equal -Wpointer-arith -Wcast-align -Wall -Werror _mkltmpJms7ym.c -o _mkltmpJms7ym.c.o  -L/usr/local/opt/openssl/lib -L/Users/ingvar/Documents/Code/side-projects/epsor/node-consumer/node_modules/node-rdkafka/build/deps -lzstd
DBG 95141: compile check for libzstd (WITH_ZSTD) failed: gcc  -I/usr/local/opt/openssl/include -gstrict-dwarf -O2 -fPIC -Wall -Wsign-compare -Wfloat-equal -Wpointer-arith -Wcast-align -Wall -Werror _mkltmpJms7ym.c -o _mkltmpJms7ym.c.o  -L/usr/local/opt/openssl/lib -L/Users/ingvar/Documents/Code/side-projects/epsor/node-consumer/node_modules/node-rdkafka/build/deps -lzstd: _mkltmpJms7ym.c:2:10: fatal error: 'zstd.h' file not found
#include <zstd.h>
         ^~~~~~~~
1 error generated.
DBG 95141: Setting libzstd (libzstd) status to failed (action disable)
DBG 95141: Check libzstd (WITH_ZSTD, action disable (originally disable)) failed: compile check failed:
CC: CC
flags: -lzstd
gcc  -I/usr/local/opt/openssl/include -gstrict-dwarf -O2 -fPIC -Wall -Wsign-compare -Wfloat-equal -Wpointer-arith -Wcast-align -Wall -Werror _mkltmpJms7ym.c -o _mkltmpJms7ym.c.o  -L/usr/local/opt/openssl/lib -L/Users/ingvar/Documents/Code/side-projects/epsor/node-consumer/node_modules/node-rdkafka/build/deps -lzstd:
_mkltmpJms7ym.c:2:10: fatal error: 'zstd.h' file not found
#include <zstd.h>
         ^~~~~~~~
1 error generated.
source: 
#include <zstd.h>
#include <zstd_errors.h>

void foo (void) {
     ZSTD_getFrameContentSize(NULL, 0);
}

DBG 95141: libm: Check for static library (libs -lm, arfile variable STATIC_LIB_libm=, static filenames )
DBG 95141: Compile check libm () (sub=0): gcc  -I/usr/local/opt/openssl/include -gstrict-dwarf -O2 -fPIC -Wall -Wsign-compare -Wfloat-equal -Wpointer-arith -Wcast-align -Wall -Werror _mkltmp5zIKB8.c -o _mkltmp5zIKB8.c.o  -L/usr/local/opt/openssl/lib -L/Users/ingvar/Documents/Code/side-projects/epsor/node-consumer/node_modules/node-rdkafka/build/deps -lm
DBG 95141: Setting libm (libm) status to ok (action disable)
DBG 95141: libm: from lib_check: LIBS: prepend -lm
DBG 95141: liblz4: Check for static library (libs -llz4, arfile variable STATIC_LIB_liblz4=, static filenames liblz4.a)
DBG 95141: Compile check liblz4 (WITH_LZ4_EXT) (sub=0): gcc  -I/usr/local/opt/openssl/include -gstrict-dwarf -O2 -fPIC -Wall -Wsign-compare -Wfloat-equal -Wpointer-arith -Wcast-align -Wall -Werror _mkltmpV7jWcE.c -o _mkltmpV7jWcE.c.o  -L/usr/local/opt/openssl/lib -L/Users/ingvar/Documents/Code/side-projects/epsor/node-consumer/node_modules/node-rdkafka/build/deps -llz4
DBG 95141: compile check for liblz4 (WITH_LZ4_EXT) failed: gcc  -I/usr/local/opt/openssl/include -gstrict-dwarf -O2 -fPIC -Wall -Wsign-compare -Wfloat-equal -Wpointer-arith -Wcast-align -Wall -Werror _mkltmpV7jWcE.c -o _mkltmpV7jWcE.c.o  -L/usr/local/opt/openssl/lib -L/Users/ingvar/Documents/Code/side-projects/epsor/node-consumer/node_modules/node-rdkafka/build/deps -llz4: _mkltmpV7jWcE.c:1:10: fatal error: 'lz4frame.h' file not found
#include <lz4frame.h>
         ^~~~~~~~~~~~
1 error generated.
DBG 95141: Setting liblz4 (liblz4) status to failed (action disable)
DBG 95141: Check liblz4 (WITH_LZ4_EXT, action disable (originally disable)) failed: compile check failed:
CC: CC
flags: -llz4
gcc  -I/usr/local/opt/openssl/include -gstrict-dwarf -O2 -fPIC -Wall -Wsign-compare -Wfloat-equal -Wpointer-arith -Wcast-align -Wall -Werror _mkltmpV7jWcE.c -o _mkltmpV7jWcE.c.o  -L/usr/local/opt/openssl/lib -L/Users/ingvar/Documents/Code/side-projects/epsor/node-consumer/node_modules/node-rdkafka/build/deps -llz4:
_mkltmpV7jWcE.c:1:10: fatal error: 'lz4frame.h' file not found
#include <lz4frame.h>
         ^~~~~~~~~~~~
1 error generated.
source: #include <lz4frame.h>
DBG 95141: Compile check syslog (WITH_SYSLOG) (sub=0): gcc  -I/usr/local/opt/openssl/include -gstrict-dwarf -O2 -fPIC -Wall -Wsign-compare -Wfloat-equal -Wpointer-arith -Wcast-align -Wall -Werror _mkltmpFqKjgV.c -o _mkltmpFqKjgV.c.o  -L/usr/local/opt/openssl/lib -L/Users/ingvar/Documents/Code/side-projects/epsor/node-consumer/node_modules/node-rdkafka/build/deps 
DBG 95141: Setting syslog (syslog) status to ok (action disable)
DBG 95141: Compile check rapidjson (WITH_RAPIDJSON) (sub=0): g++  -I/usr/local/opt/openssl/include -gstrict-dwarf -O2 -fPIC -Wall -Wsign-compare -Wfloat-equal -Wpointer-arith -Wcast-align -Wall -Werror _mkltmpeFaLYN.cpp -o _mkltmpeFaLYN.cpp.o  -L/usr/local/opt/openssl/lib -L/Users/ingvar/Documents/Code/side-projects/epsor/node-consumer/node_modules/node-rdkafka/build/deps 
DBG 95141: compile check for rapidjson (WITH_RAPIDJSON) failed: g++  -I/usr/local/opt/openssl/include -gstrict-dwarf -O2 -fPIC -Wall -Wsign-compare -Wfloat-equal -Wpointer-arith -Wcast-align -Wall -Werror _mkltmpeFaLYN.cpp -o _mkltmpeFaLYN.cpp.o  -L/usr/local/opt/openssl/lib -L/Users/ingvar/Documents/Code/side-projects/epsor/node-consumer/node_modules/node-rdkafka/build/deps : _mkltmpeFaLYN.cpp:1:10: fatal error: 'rapidjson/schema.h' file not found
#include <rapidjson/schema.h>
         ^~~~~~~~~~~~~~~~~~~~
1 error generated.
DBG 95141: Setting rapidjson (rapidjson) status to failed (action disable)
DBG 95141: Check rapidjson (WITH_RAPIDJSON, action disable (originally disable)) failed: compile check failed:
CC: CXX
flags: 
g++  -I/usr/local/opt/openssl/include -gstrict-dwarf -O2 -fPIC -Wall -Wsign-compare -Wfloat-equal -Wpointer-arith -Wcast-align -Wall -Werror _mkltmpeFaLYN.cpp -o _mkltmpeFaLYN.cpp.o  -L/usr/local/opt/openssl/lib -L/Users/ingvar/Documents/Code/side-projects/epsor/node-consumer/node_modules/node-rdkafka/build/deps :
_mkltmpeFaLYN.cpp:1:10: fatal error: 'rapidjson/schema.h' file not found
#include <rapidjson/schema.h>
         ^~~~~~~~~~~~~~~~~~~~
1 error generated.
source: #include <rapidjson/schema.h>
DBG 95141: Compile check crc32chw (WITH_CRC32C_HW) (sub=0): gcc  -I/usr/local/opt/openssl/include -gstrict-dwarf -O2 -fPIC -Wall -Wsign-compare -Wfloat-equal -Wpointer-arith -Wcast-align -Wall -Werror _mkltmpq9Y7GF.c -o _mkltmpq9Y7GF.c.o  -L/usr/local/opt/openssl/lib -L/Users/ingvar/Documents/Code/side-projects/epsor/node-consumer/node_modules/node-rdkafka/build/deps 
DBG 95141: Setting crc32chw (crc32chw) status to ok (action disable)
DBG 95141: Compile check regex (HAVE_REGEX) (sub=0): gcc  -I/usr/local/opt/openssl/include -gstrict-dwarf -O2 -fPIC -Wall -Wsign-compare -Wfloat-equal -Wpointer-arith -Wcast-align -Wall -Werror _mkltmprmNTpy.c -o _mkltmprmNTpy.c.o  -L/usr/local/opt/openssl/lib -L/Users/ingvar/Documents/Code/side-projects/epsor/node-consumer/node_modules/node-rdkafka/build/deps 
DBG 95141: Setting regex (regex) status to ok (action disable)
DBG 95141: Compile check strndup (HAVE_STRNDUP) (sub=0): gcc  -I/usr/local/opt/openssl/include -gstrict-dwarf -O2 -fPIC -Wall -Wsign-compare -Wfloat-equal -Wpointer-arith -Wcast-align -Wall -Werror _mkltmp1QX9TE.c -o _mkltmp1QX9TE.c.o  -L/usr/local/opt/openssl/lib -L/Users/ingvar/Documents/Code/side-projects/epsor/node-consumer/node_modules/node-rdkafka/build/deps 
DBG 95141: Setting strndup (strndup) status to ok (action disable)
DBG 95141: Compile check strlcpy (HAVE_STRLCPY) (sub=0): gcc  -I/usr/local/opt/openssl/include -gstrict-dwarf -O2 -fPIC -Wall -Wsign-compare -Wfloat-equal -Wpointer-arith -Wcast-align -Wall -Werror _mkltmplF6vJ4.c -o _mkltmplF6vJ4.c.o  -L/usr/local/opt/openssl/lib -L/Users/ingvar/Documents/Code/side-projects/epsor/node-consumer/node_modules/node-rdkafka/build/deps 
DBG 95141: Setting strlcpy (strlcpy) status to ok (action disable)
DBG 95141: Compile check strerror_r (HAVE_STRERROR_R) (sub=0): gcc  -I/usr/local/opt/openssl/include -gstrict-dwarf -O2 -fPIC -Wall -Wsign-compare -Wfloat-equal -Wpointer-arith -Wcast-align -Wall -Werror _mkltmpH5Oyxt.c -o _mkltmpH5Oyxt.c.o  -L/usr/local/opt/openssl/lib -L/Users/ingvar/Documents/Code/side-projects/epsor/node-consumer/node_modules/node-rdkafka/build/deps 
DBG 95141: Setting strerror_r (strerror_r) status to ok (action disable)
DBG 95141: Compile check pthread_setname_gnu (HAVE_PTHREAD_SETNAME_GNU) (sub=0): gcc  -I/usr/local/opt/openssl/include -gstrict-dwarf -O2 -fPIC -Wall -Wsign-compare -Wfloat-equal -Wpointer-arith -Wcast-align -Wall -Werror _mkltmpB7VYrk.c -o _mkltmpB7VYrk.c.o  -L/usr/local/opt/openssl/lib -L/Users/ingvar/Documents/Code/side-projects/epsor/node-consumer/node_modules/node-rdkafka/build/deps -D_GNU_SOURCE -lpthread
DBG 95141: compile check for pthread_setname_gnu (HAVE_PTHREAD_SETNAME_GNU) failed: gcc  -I/usr/local/opt/openssl/include -gstrict-dwarf -O2 -fPIC -Wall -Wsign-compare -Wfloat-equal -Wpointer-arith -Wcast-align -Wall -Werror _mkltmpB7VYrk.c -o _mkltmpB7VYrk.c.o  -L/usr/local/opt/openssl/lib -L/Users/ingvar/Documents/Code/side-projects/epsor/node-consumer/node_modules/node-rdkafka/build/deps -D_GNU_SOURCE -lpthread: _mkltmpB7VYrk.c:5:38: error: too many arguments to function call, expected 1, have 2
  pthread_setname_np(pthread_self(), "abc");
  ~~~~~~~~~~~~~~~~~~                 ^~~~~
/Applications/Xcode.app/Contents/Developer/Platforms/MacOSX.platform/Developer/SDKs/MacOSX10.14.sdk/usr/include/pthread.h:512:1: note: 'pthread_setname_np' declared here
__API_AVAILABLE(macos(10.6), ios(3.2))
^
/Applications/Xcode.app/Contents/Developer/Platforms/MacOSX.platform/Developer/SDKs/MacOSX10.14.sdk/usr/include/Availability.h:449:144: note: expanded from macro '__API_AVAILABLE'
    #define __API_AVAILABLE(...) __API_AVAILABLE_GET_MACRO(__VA_ARGS__,__API_AVAILABLE6, __API_AVAILABLE5, __API_AVAILABLE4, __API_AVAILABLE3, __API_AVAILABLE2, __API_AVAILABLE1, 0)(__VA_ARGS__)
                                                                                                                                               ^
1 error generated.
DBG 95141: Setting pthread_setname_gnu (pthread_setname_gnu) status to failed (action disable)
DBG 95141: Check pthread_setname_gnu (HAVE_PTHREAD_SETNAME_GNU, action disable (originally disable)) failed: compile check failed:
CC: CC
flags: -D_GNU_SOURCE -lpthread
gcc  -I/usr/local/opt/openssl/include -gstrict-dwarf -O2 -fPIC -Wall -Wsign-compare -Wfloat-equal -Wpointer-arith -Wcast-align -Wall -Werror _mkltmpB7VYrk.c -o _mkltmpB7VYrk.c.o  -L/usr/local/opt/openssl/lib -L/Users/ingvar/Documents/Code/side-projects/epsor/node-consumer/node_modules/node-rdkafka/build/deps -D_GNU_SOURCE -lpthread:
_mkltmpB7VYrk.c:5:38: error: too many arguments to function call, expected 1, have 2
  pthread_setname_np(pthread_self(), "abc");
  ~~~~~~~~~~~~~~~~~~                 ^~~~~
/Applications/Xcode.app/Contents/Developer/Platforms/MacOSX.platform/Developer/SDKs/MacOSX10.14.sdk/usr/include/pthread.h:512:1: note: 'pthread_setname_np' declared here
__API_AVAILABLE(macos(10.6), ios(3.2))
^
/Applications/Xcode.app/Contents/Developer/Platforms/MacOSX.platform/Developer/SDKs/MacOSX10.14.sdk/usr/include/Availability.h:449:144: note: expanded from macro '__API_AVAILABLE'
    #define __API_AVAILABLE(...) __API_AVAILABLE_GET_MACRO(__VA_ARGS__,__API_AVAILABLE6, __API_AVAILABLE5, __API_AVAILABLE4, __API_AVAILABLE3, __API_AVAILABLE2, __API_AVAILABLE1, 0)(__VA_ARGS__)
                                                                                                                                               ^
1 error generated.
source: 
#include <pthread.h>

void foo (void) {
  pthread_setname_np(pthread_self(), "abc");
}

DBG 95141: Compile check pthread_setname_darwin (HAVE_PTHREAD_SETNAME_DARWIN) (sub=0): gcc  -I/usr/local/opt/openssl/include -gstrict-dwarf -O2 -fPIC -Wall -Wsign-compare -Wfloat-equal -Wpointer-arith -Wcast-align -Wall -Werror _mkltmpSLcrLf.c -o _mkltmpSLcrLf.c.o  -L/usr/local/opt/openssl/lib -L/Users/ingvar/Documents/Code/side-projects/epsor/node-consumer/node_modules/node-rdkafka/build/deps -D_DARWIN_C_SOURCE -lpthread
DBG 95141: Setting pthread_setname_darwin (pthread_setname_darwin) status to ok (action disable)
DBG 95141: Setting nm (nm) status to ok (action cont)
DBG 95141: Compile check getrusage (HAVE_GETRUSAGE) (sub=0): gcc  -I/usr/local/opt/openssl/include -gstrict-dwarf -O2 -fPIC -Wall -Wsign-compare -Wfloat-equal -Wpointer-arith -Wcast-align -Wall -Werror _mkltmpFYsGUg.c -o _mkltmpFYsGUg.c.o  -L/usr/local/opt/openssl/lib -L/Users/ingvar/Documents/Code/side-projects/epsor/node-consumer/node_modules/node-rdkafka/build/deps 
DBG 95141: Setting getrusage (getrusage) status to ok (action disable)
